#
# There is insufficient memory for the Java Runtime Environment to continue.
# Native memory allocation (malloc) failed to allocate 1048576 bytes for AllocateHeap
# Possible reasons:
#   The system is out of physical RAM or swap space
#   The process is running with CompressedOops enabled, and the Java Heap may be blocking the growth of the native heap
# Possible solutions:
#   Reduce memory load on the system
#   Increase physical memory or swap space
#   Check if swap backing store is full
#   Decrease Java heap size (-Xmx/-Xms)
#   Decrease number of Java threads
#   Decrease Java thread stack sizes (-Xss)
#   Set larger code cache with -XX:ReservedCodeCacheSize=
#   JVM is running with Unscaled Compressed Oops mode in which the Java heap is
#     placed in the first 4GB address space. The Java Heap base address is the
#     maximum limit for the native heap growth. Please use -XX:HeapBaseMinAddress
#     to set the Java Heap base and to place the Java Heap above 4GB virtual address.
# This output file may be truncated or incomplete.
#
#  Out of Memory Error (memory/allocation.inline.hpp:61), pid=10036, tid=0x0000000000001ba8
#
# JRE version:  (8.0_281-b09) (build )
# Java VM: Java HotSpot(TM) 64-Bit Server VM (25.281-b09 mixed mode windows-amd64 compressed oops)
# Failed to write core dump. Minidumps are not enabled by default on client versions of Windows
#

---------------  T H R E A D  ---------------

Current thread (0x000001ad4f4a7000):  JavaThread "Unknown thread" [_thread_in_vm, id=7080, stack(0x0000007bbe200000,0x0000007bbe300000)]

Stack: [0x0000007bbe200000,0x0000007bbe300000]
Native frames: (J=compiled Java code, j=interpreted, Vv=VM code, C=native code)
V  [jvm.dll+0x32e5b9]
V  [jvm.dll+0x275012]
V  [jvm.dll+0x275cbd]
V  [jvm.dll+0x26c6f5]
V  [jvm.dll+0x509d]
V  [jvm.dll+0x3d2b23]
V  [jvm.dll+0x3d3538]
V  [jvm.dll+0xfcaaf]
V  [jvm.dll+0x209a1b]
V  [jvm.dll+0x2383d7]
V  [jvm.dll+0x162566]
C  [javaw.exe+0x2322]
C  [javaw.exe+0x16544]
C  [KERNEL32.DLL+0x17034]
C  [ntdll.dll+0x52651]


---------------  P R O C E S S  ---------------

Java Threads: ( => current thread )

Other Threads:

=>0x000001ad4f4a7000 (exited) JavaThread "Unknown thread" [_thread_in_vm, id=7080, stack(0x0000007bbe200000,0x0000007bbe300000)]

VM state:not at safepoint (normal execution)

VM Mutex/Monitor currently owned by a thread: None

heap address: 0x0000000082000000, size: 2016 MB, Compressed Oops mode: 32-bit
Narrow klass base: 0x0000000000000000, Narrow klass shift: 3
Compressed class space size: 1073741824 Address: 0x0000000100000000

Heap:
 PSYoungGen      total 37888K, used 655K [0x00000000d6000000, 0x00000000d8a00000, 0x0000000100000000)
  eden space 32768K, 2% used [0x00000000d6000000,0x00000000d60a3d80,0x00000000d8000000)
  from space 5120K, 0% used [0x00000000d8500000,0x00000000d8500000,0x00000000d8a00000)
  to   space 5120K, 0% used [0x00000000d8000000,0x00000000d8000000,0x00000000d8500000)
 ParOldGen       total 86016K, used 0K [0x0000000082000000, 0x0000000087400000, 0x00000000d6000000)
  object space 86016K, 0% used [0x0000000082000000,0x0000000082000000,0x0000000087400000)
 Metaspace       used 753K, capacity 4480K, committed 4480K, reserved 1056768K
  class space    used 76K, capacity 384K, committed 384K, reserved 1048576K

Card table byte_map: [0x000001ad60150000,0x000001ad60550000] byte_map_base: 0x000001ad5fd40000

Marking Bits: (ParMarkBitMap*) 0x0000000058056ff0
 Begin Bits: [0x000001ad607f0000, 0x000001ad62770000)
 End Bits:   [0x000001ad62770000, 0x000001ad646f0000)

Polling page: 0x000001ad4f5a0000

CodeCache: size=245760Kb used=328Kb max_used=328Kb free=245431Kb
 bounds [0x000001ad50d90000, 0x000001ad51000000, 0x000001ad5fd90000]
 total_blobs=58 nmethods=0 adapters=38
 compilation: enabled

Compilation events (0 events):
No events

GC Heap History (0 events):
No events

Deoptimization events (0 events):
No events

Classes redefined (0 events):
No events

Internal exceptions (0 events):
No events

Events (10 events):
Event: 0.040 loading class java/lang/Short
Event: 0.040 loading class java/lang/Short done
Event: 0.040 loading class java/lang/Integer
Event: 0.040 loading class java/lang/Integer done
Event: 0.040 loading class java/lang/Long
Event: 0.040 loading class java/lang/Long done
Event: 0.041 loading class java/lang/NullPointerException
Event: 0.041 loading class java/lang/NullPointerException done
Event: 0.041 loading class java/lang/ArithmeticException
Event: 0.041 loading class java/lang/ArithmeticException done


Dynamic libraries:
0x00007ff7e6700000 - 0x00007ff7e6747000 	C:\Program Files\Java\jre1.8.0_281\bin\javaw.exe
0x00007ffd33a30000 - 0x00007ffd33c25000 	C:\WINDOWS\SYSTEM32\ntdll.dll
0x00007ffd332f0000 - 0x00007ffd333ad000 	C:\WINDOWS\System32\KERNEL32.DLL
0x00007ffd312e0000 - 0x00007ffd315a9000 	C:\WINDOWS\System32\KERNELBASE.dll
0x00007ffd32d20000 - 0x00007ffd32dcc000 	C:\WINDOWS\System32\ADVAPI32.dll
0x00007ffd31dd0000 - 0x00007ffd31e6e000 	C:\WINDOWS\System32\msvcrt.dll
0x00007ffd33870000 - 0x00007ffd3390b000 	C:\WINDOWS\System32\sechost.dll
0x00007ffd33740000 - 0x00007ffd3386a000 	C:\WINDOWS\System32\RPCRT4.dll
0x00007ffd31aa0000 - 0x00007ffd31c40000 	C:\WINDOWS\System32\USER32.dll
0x00007ffd318c0000 - 0x00007ffd318e2000 	C:\WINDOWS\System32\win32u.dll
0x00007ffd33940000 - 0x00007ffd3396a000 	C:\WINDOWS\System32\GDI32.dll
0x00007ffd311d0000 - 0x00007ffd312db000 	C:\WINDOWS\System32\gdi32full.dll
0x00007ffd316e0000 - 0x00007ffd3177d000 	C:\WINDOWS\System32\msvcp_win.dll
0x00007ffd315e0000 - 0x00007ffd316e0000 	C:\WINDOWS\System32\ucrtbase.dll
0x00007ffd23040000 - 0x00007ffd232da000 	C:\WINDOWS\WinSxS\amd64_microsoft.windows.common-controls_6595b64144ccf1df_6.0.19041.1083_none_60bbe31371f34e71\COMCTL32.dll
0x00007ffd32e40000 - 0x00007ffd32e70000 	C:\WINDOWS\System32\IMM32.DLL
0x00007ffd2bc30000 - 0x00007ffd2bc45000 	C:\Program Files\Java\jre1.8.0_281\bin\vcruntime140.dll
0x00007ffd19b80000 - 0x00007ffd19c1b000 	C:\Program Files\Java\jre1.8.0_281\bin\msvcp140.dll
0x0000000057870000 - 0x00000000580cf000 	C:\Program Files\Java\jre1.8.0_281\bin\server\jvm.dll
0x00007ffd33540000 - 0x00007ffd33548000 	C:\WINDOWS\System32\PSAPI.DLL
0x00007ffd1d350000 - 0x00007ffd1d359000 	C:\WINDOWS\SYSTEM32\WSOCK32.dll
0x00007ffd232e0000 - 0x00007ffd23307000 	C:\WINDOWS\SYSTEM32\WINMM.dll
0x00007ffd2c4c0000 - 0x00007ffd2c4ca000 	C:\WINDOWS\SYSTEM32\VERSION.dll
0x00007ffd32dd0000 - 0x00007ffd32e3b000 	C:\WINDOWS\System32\WS2_32.dll
0x00007ffd2f060000 - 0x00007ffd2f072000 	C:\WINDOWS\SYSTEM32\kernel.appcore.dll
0x00007ffd2e8e0000 - 0x00007ffd2e8f0000 	C:\Program Files\Java\jre1.8.0_281\bin\verify.dll
0x00007ffd2b300000 - 0x00007ffd2b32b000 	C:\Program Files\Java\jre1.8.0_281\bin\java.dll
0x00007ffd2b460000 - 0x00007ffd2b478000 	C:\Program Files\Java\jre1.8.0_281\bin\zip.dll
0x00007ffd1af00000 - 0x00007ffd1b0e4000 	C:\WINDOWS\SYSTEM32\dbghelp.dll
0x00007ffd31830000 - 0x00007ffd318b3000 	C:\WINDOWS\System32\bcryptPrimitives.dll

VM Arguments:
jvm_args: -Dfile.encoding=UTF-8 
java_command: dependencies.transactionChallenge.transactionEvent
java_class_path (initial): C:\Users\James\workspace\transactionChallenge\target\classes;C:\Users\James\.p2\pool\plugins\org.junit_4.12.0.v201504281640\junit.jar;C:\Users\James\.p2\pool\plugins\org.hamcrest.core_1.3.0.v201303031735.jar;C:\Users\James\.m2\repository\com\googlecode\json-simple\json-simple\1.1.1\json-simple-1.1.1.jar
Launcher Type: SUN_STANDARD

Environment Variables:
JAVA_HOME=C:\java
USERNAME=James
OS=Windows_NT
PROCESSOR_IDENTIFIER=Intel64 Family 6 Model 94 Stepping 3, GenuineIntel



---------------  S Y S T E M  ---------------

OS: Windows 10.0 , 64 bit Build 19041 (10.0.19041.1023)

CPU:total 8 (initial active 8) (4 cores per cpu, 2 threads per core) family 6 model 94 stepping 3, cmov, cx8, fxsr, mmx, sse, sse2, sse3, ssse3, sse4.1, sse4.2, popcnt, avx, avx2, aes, clmul, erms, rtm, 3dnowpref, lzcnt, ht, tsc, tscinvbit, bmi1, bmi2, adx

Memory: 4k page, physical 8251892k(1234576k free), swap 18491892k(5880k free)

vm_info: Java HotSpot(TM) 64-Bit Server VM (25.281-b09) for windows-amd64 JRE (1.8.0_281-b09), built on Dec  9 2020 13:54:07 by "" with MS VC++ 15.9 (VS2017)

time: Wed Aug 11 11:42:18 2021
timezone: GMT Summer Time
elapsed time: 0.088655 seconds (0d 0h 0m 0s)

